"file:/Users/zween/tech/pelican-theme-validator/output_all/lightweight/output/archives.html":1.2-1.2: error: Saw “<?”. Probable cause: Attempt to use an XML processing instruction in HTML. (XML processing instructions are not supported in HTML.)
"file:/Users/zween/tech/pelican-theme-validator/output_all/lightweight/output/archives.html":23.38-23.38: error: End tag “h1” seen, but there were open elements.
"file:/Users/zween/tech/pelican-theme-validator/output_all/lightweight/output/authors.html":1.2-1.2: error: Saw “<?”. Probable cause: Attempt to use an XML processing instruction in HTML. (XML processing instructions are not supported in HTML.)
"file:/Users/zween/tech/pelican-theme-validator/output_all/lightweight/output/categories.html": error: End of file seen without seeing a doctype first. Expected “<!DOCTYPE html>”.
"file:/Users/zween/tech/pelican-theme-validator/output_all/lightweight/output/categories.html": error: Element “head” is missing a required instance of child element “title”.
"file:/Users/zween/tech/pelican-theme-validator/output_all/lightweight/output/index.html":1.2-1.2: error: Saw “<?”. Probable cause: Attempt to use an XML processing instruction in HTML. (XML processing instructions are not supported in HTML.)
"file:/Users/zween/tech/pelican-theme-validator/output_all/lightweight/output/index.html":27.20-27.20: error: Text not allowed in element “details” in this context.
"file:/Users/zween/tech/pelican-theme-validator/output_all/lightweight/output/index.html":27.81-27.81: error: Element “details” is missing a required instance of child element “summary”.
"file:/Users/zween/tech/pelican-theme-validator/output_all/lightweight/output/index.html":27.81-27.81: error: Attribute “pubdate” not allowed on element “time” at this point.
"file:/Users/zween/tech/pelican-theme-validator/output_all/lightweight/output/index.html":29.141-29.141: error: No “p” element in scope but a “p” end tag seen.
"file:/Users/zween/tech/pelican-theme-validator/output_all/lightweight/output/tags.html":1.2-1.2: error: Saw “<?”. Probable cause: Attempt to use an XML processing instruction in HTML. (XML processing instructions are not supported in HTML.)
"file:/Users/zween/tech/pelican-theme-validator/output_all/lightweight/output/theme-review.html":1.2-1.2: error: Saw “<?”. Probable cause: Attempt to use an XML processing instruction in HTML. (XML processing instructions are not supported in HTML.)
"file:/Users/zween/tech/pelican-theme-validator/output_all/lightweight/output/theme-review.html":32.20-32.20: error: Text not allowed in element “details” in this context.
"file:/Users/zween/tech/pelican-theme-validator/output_all/lightweight/output/theme-review.html":32.81-32.81: error: Element “details” is missing a required instance of child element “summary”.
"file:/Users/zween/tech/pelican-theme-validator/output_all/lightweight/output/theme-review.html":32.81-32.81: error: Attribute “pubdate” not allowed on element “time” at this point.
"file:/Users/zween/tech/pelican-theme-validator/output_all/lightweight/output/theme-review.html":34.141-34.141: error: No “p” element in scope but a “p” end tag seen.
"file:/Users/zween/tech/pelican-theme-validator/output_all/lightweight/output/author/sven-kreiss.html":1.2-1.2: error: Saw “<?”. Probable cause: Attempt to use an XML processing instruction in HTML. (XML processing instructions are not supported in HTML.)
"file:/Users/zween/tech/pelican-theme-validator/output_all/lightweight/output/author/sven-kreiss.html":27.20-27.20: error: Text not allowed in element “details” in this context.
"file:/Users/zween/tech/pelican-theme-validator/output_all/lightweight/output/author/sven-kreiss.html":27.81-27.81: error: Element “details” is missing a required instance of child element “summary”.
"file:/Users/zween/tech/pelican-theme-validator/output_all/lightweight/output/author/sven-kreiss.html":27.81-27.81: error: Attribute “pubdate” not allowed on element “time” at this point.
"file:/Users/zween/tech/pelican-theme-validator/output_all/lightweight/output/author/sven-kreiss.html":29.144-29.144: error: No “p” element in scope but a “p” end tag seen.
"file:/Users/zween/tech/pelican-theme-validator/output_all/lightweight/output/category/review.html":1.2-1.2: error: Saw “<?”. Probable cause: Attempt to use an XML processing instruction in HTML. (XML processing instructions are not supported in HTML.)
"file:/Users/zween/tech/pelican-theme-validator/output_all/lightweight/output/category/review.html":28.20-28.20: error: Text not allowed in element “details” in this context.
"file:/Users/zween/tech/pelican-theme-validator/output_all/lightweight/output/category/review.html":28.81-28.81: error: Element “details” is missing a required instance of child element “summary”.
"file:/Users/zween/tech/pelican-theme-validator/output_all/lightweight/output/category/review.html":28.81-28.81: error: Attribute “pubdate” not allowed on element “time” at this point.
"file:/Users/zween/tech/pelican-theme-validator/output_all/lightweight/output/category/review.html":30.144-30.144: error: No “p” element in scope but a “p” end tag seen.
"file:/Users/zween/tech/pelican-theme-validator/output_all/lightweight/output/tag/galleries.html":1.2-1.2: error: Saw “<?”. Probable cause: Attempt to use an XML processing instruction in HTML. (XML processing instructions are not supported in HTML.)
"file:/Users/zween/tech/pelican-theme-validator/output_all/lightweight/output/tag/galleries.html":28.20-28.20: error: Text not allowed in element “details” in this context.
"file:/Users/zween/tech/pelican-theme-validator/output_all/lightweight/output/tag/galleries.html":28.81-28.81: error: Element “details” is missing a required instance of child element “summary”.
"file:/Users/zween/tech/pelican-theme-validator/output_all/lightweight/output/tag/galleries.html":28.81-28.81: error: Attribute “pubdate” not allowed on element “time” at this point.
"file:/Users/zween/tech/pelican-theme-validator/output_all/lightweight/output/tag/galleries.html":30.144-30.144: error: No “p” element in scope but a “p” end tag seen.
"file:/Users/zween/tech/pelican-theme-validator/output_all/lightweight/output/tag/pelican.html":1.2-1.2: error: Saw “<?”. Probable cause: Attempt to use an XML processing instruction in HTML. (XML processing instructions are not supported in HTML.)
"file:/Users/zween/tech/pelican-theme-validator/output_all/lightweight/output/tag/pelican.html":28.20-28.20: error: Text not allowed in element “details” in this context.
"file:/Users/zween/tech/pelican-theme-validator/output_all/lightweight/output/tag/pelican.html":28.81-28.81: error: Element “details” is missing a required instance of child element “summary”.
"file:/Users/zween/tech/pelican-theme-validator/output_all/lightweight/output/tag/pelican.html":28.81-28.81: error: Attribute “pubdate” not allowed on element “time” at this point.
"file:/Users/zween/tech/pelican-theme-validator/output_all/lightweight/output/tag/pelican.html":30.144-30.144: error: No “p” element in scope but a “p” end tag seen.
"file:/Users/zween/tech/pelican-theme-validator/output_all/lightweight/output/tag/themes.html":1.2-1.2: error: Saw “<?”. Probable cause: Attempt to use an XML processing instruction in HTML. (XML processing instructions are not supported in HTML.)
"file:/Users/zween/tech/pelican-theme-validator/output_all/lightweight/output/tag/themes.html":28.20-28.20: error: Text not allowed in element “details” in this context.
"file:/Users/zween/tech/pelican-theme-validator/output_all/lightweight/output/tag/themes.html":28.81-28.81: error: Element “details” is missing a required instance of child element “summary”.
"file:/Users/zween/tech/pelican-theme-validator/output_all/lightweight/output/tag/themes.html":28.81-28.81: error: Attribute “pubdate” not allowed on element “time” at this point.
"file:/Users/zween/tech/pelican-theme-validator/output_all/lightweight/output/tag/themes.html":30.144-30.144: error: No “p” element in scope but a “p” end tag seen.
Found files to validate: 13
